2023.09.14 10:14:58 INFO  Started: Metals version 1.0.1 in folders 'C:\Users\Seth Anthony\Documents\New folder\csTrinityWP' for client Visual Studio Code 1.82.0.
Sep 14, 2023 10:14:59 AM org.flywaydb.core.internal.license.VersionPrinter printVersionOnly
INFO: Flyway Community Edition 9.21.2 by Redgate
Sep 14, 2023 10:14:59 AM org.flywaydb.core.internal.license.VersionPrinter printVersion
INFO: See release notes here: https://rd.gt/416ObMi
Sep 14, 2023 10:14:59 AM org.flywaydb.core.internal.license.VersionPrinter printVersion
INFO: 
Sep 14, 2023 10:14:59 AM org.flywaydb.core.FlywayExecutor execute
INFO: Database: jdbc:h2:file:C:\Users\Seth Anthony\Documents\New folder\csTrinityWP\.metals\metals (H2 2.1)
Sep 14, 2023 10:14:59 AM org.flywaydb.core.internal.schemahistory.JdbcTableSchemaHistory allAppliedMigrations
INFO: Schema history table "PUBLIC"."flyway_schema_history" does not exist yet
Sep 14, 2023 10:14:59 AM org.flywaydb.core.internal.command.DbValidate validate
INFO: Successfully validated 4 migrations (execution time 00:00.051s)
Sep 14, 2023 10:14:59 AM org.flywaydb.core.internal.schemahistory.JdbcTableSchemaHistory create
INFO: Creating Schema History table "PUBLIC"."flyway_schema_history" ...
Sep 14, 2023 10:14:59 AM org.flywaydb.core.internal.command.DbMigrate migrateGroup
INFO: Current version of schema "PUBLIC": << Empty Schema >>
Sep 14, 2023 10:14:59 AM org.flywaydb.core.internal.command.DbMigrate doMigrateGroup
INFO: Migrating schema "PUBLIC" to version "1 - Create tables"
Sep 14, 2023 10:14:59 AM org.flywaydb.core.internal.command.DbMigrate doMigrateGroup
INFO: Migrating schema "PUBLIC" to version "2 - Server discovery"
Sep 14, 2023 10:14:59 AM org.flywaydb.core.internal.command.DbMigrate doMigrateGroup
INFO: Migrating schema "PUBLIC" to version "3 - Jar symbols"
Sep 14, 2023 10:14:59 AM org.flywaydb.core.internal.command.DbMigrate doMigrateGroup
INFO: Migrating schema "PUBLIC" to version "4 - Fingerprints"
Sep 14, 2023 10:15:00 AM org.flywaydb.core.internal.command.DbMigrate logSummary
INFO: Successfully applied 4 migrations to schema "PUBLIC", now at version v4 (execution time 00:00.072s)
2023.09.14 10:15:00 INFO  time: initialize in 1.28s
2023.09.14 10:15:04 WARN  Build server is not auto-connectable.
2023.09.14 10:15:04 WARN  no build tool detected in workspace 'C:\Users\Seth Anthony\Documents\New folder\csTrinityWP'. The most common cause for this problem is that the editor was opened in the wrong working directory, for example if you use sbt then the workspace directory should contain build.sbt. 
Sep 14, 2023 10:16:20 AM org.eclipse.lsp4j.jsonrpc.services.GenericEndpoint notify
INFO: Unsupported notification method: $/setTrace
2023.09.15 23:03:21 INFO  Shutting down server
2023.09.15 23:03:21 INFO  shutting down Metals
2023.09.15 23:03:21 INFO  Exiting server
